app/build/intermediates/manifest_merge_blame_file/debug/manifest-merger-blame-debug-report.txt
1<?xml version="1.0" encoding="utf-8"?>
2<manifest xmlns:android="http://schemas.android.com/apk/res/android"
3    package="com.example.finalproject"
4    android:versionCode="1"
5    android:versionName="1.0" >
6
7    <uses-sdk
8        android:minSdkVersion="28"
8-->src\main\AndroidManifest.xml
9        android:targetSdkVersion="30" />
9-->src\main\AndroidManifest.xml
10
11    <uses-permission android:name="android.permission.INTERNET" />
11-->src\main\AndroidManifest.xml:5:5-66
11-->src\main\AndroidManifest.xml:5:22-64
12    <uses-permission android:name="android.permission.ACCESS_WIFI_STATE" />
12-->src\main\AndroidManifest.xml:6:5-75
12-->src\main\AndroidManifest.xml:6:22-73
13    <uses-permission android:name="android.permission.ACCESS_NETWORK_STATE" />
13-->src\main\AndroidManifest.xml:7:5-79
13-->src\main\AndroidManifest.xml:7:22-76
14
15    <application
15-->src\main\AndroidManifest.xml:9:5-27:19
16        android:allowBackup="true"
16-->src\main\AndroidManifest.xml:11:9-35
17        android:appComponentFactory="androidx.core.app.CoreComponentFactory"
17-->[androidx.core:core:1.5.0] AndroidManifest.xml:24:18-86
18        android:debuggable="true"
19        android:extractNativeLibs="false"
20        android:icon="@mipmap/ic_launcher"
20-->src\main\AndroidManifest.xml:12:9-43
21        android:label="@string/app_name"
21-->src\main\AndroidManifest.xml:13:9-41
22        android:roundIcon="@mipmap/ic_launcher_round"
22-->src\main\AndroidManifest.xml:14:9-54
23        android:supportsRtl="true"
23-->src\main\AndroidManifest.xml:15:9-35
24        android:testOnly="true"
25        android:theme="@style/Theme.FinalProject" >
25-->src\main\AndroidManifest.xml:16:9-50
26        <activity android:name="com.example.finalproject.RegisterActivity" />
26-->src\main\AndroidManifest.xml:17:9-63
26-->src\main\AndroidManifest.xml:17:19-51
27+
28        <activity android:name="com.example.finalproject.Profile" />
28-->src\main\AndroidManifest.xml:18:9-45
28-->src\main\AndroidManifest.xml:18:19-42
29        <activity android:name="com.example.finalproject.LogIn" />
29-->src\main\AndroidManifest.xml:19:9-43
29-->src\main\AndroidManifest.xml:19:19-40
30        <activity android:name="com.example.finalproject.MainActivity" >
30-->src\main\AndroidManifest.xml:20:9-26:20
30-->src\main\AndroidManifest.xml:20:19-47
31            <intent-filter>
31-->src\main\AndroidManifest.xml:21:13-25:29
32                <action android:name="android.intent.action.MAIN" />
32-->src\main\AndroidManifest.xml:22:17-69
32-->src\main\AndroidManifest.xml:22:25-66
33
34                <category android:name="android.intent.category.LAUNCHER" />
34-->src\main\AndroidManifest.xml:24:17-77
34-->src\main\AndroidManifest.xml:24:27-74
35            </intent-filter>
36        </activity>
37
38        <service
38-->[com.google.firebase:firebase-database:20.0.0] AndroidManifest.xml:29:9-35:19
39            android:name="com.google.firebase.components.ComponentDiscoveryService"
39-->[com.google.firebase:firebase-database:20.0.0] AndroidManifest.xml:30:13-84
40            android:directBootAware="true"
40-->[com.google.firebase:firebase-common:20.0.0] AndroidManifest.xml:35:13-43
41            android:exported="false" >
41-->[com.google.firebase:firebase-database:20.0.0] AndroidManifest.xml:31:13-37
42            <meta-data
42-->[com.google.firebase:firebase-database:20.0.0] AndroidManifest.xml:32:13-34:85
43                android:name="com.google.firebase.components:com.google.firebase.database.DatabaseRegistrar"
43-->[com.google.firebase:firebase-database:20.0.0] AndroidManifest.xml:33:17-109
44                android:value="com.google.firebase.components.ComponentRegistrar" />
44-->[com.google.firebase:firebase-database:20.0.0] AndroidManifest.xml:34:17-82
45            <meta-data
45-->[com.google.firebase:firebase-auth:21.0.1] AndroidManifest.xml:77:13-79:85
46                android:name="com.google.firebase.components:com.google.firebase.auth.FirebaseAuthRegistrar"
46-->[com.google.firebase:firebase-auth:21.0.1] AndroidManifest.xml:78:17-109
47                android:value="com.google.firebase.components.ComponentRegistrar" />
47-->[com.google.firebase:firebase-auth:21.0.1] AndroidManifest.xml:79:17-82
48        </service>
49
50        <activity
50-->[com.google.firebase:firebase-auth:21.0.1] AndroidManifest.xml:27:9-44:20
51            android:name="com.google.firebase.auth.internal.GenericIdpActivity"
51-->[com.google.firebase:firebase-auth:21.0.1] AndroidManifest.xml:28:13-80
52            android:excludeFromRecents="true"
52-->[com.google.firebase:firebase-auth:21.0.1] AndroidManifest.xml:29:13-46
53            android:exported="true"
53-->[com.google.firebase:firebase-auth:21.0.1] AndroidManifest.xml:30:13-36
54            android:launchMode="singleTask"
54-->[com.google.firebase:firebase-auth:21.0.1] AndroidManifest.xml:31:13-44
55            android:theme="@android:style/Theme.Translucent.NoTitleBar" >
55-->[com.google.firebase:firebase-auth:21.0.1] AndroidManifest.xml:32:13-72
56            <intent-filter>
56-->[com.google.firebase:firebase-auth:21.0.1] AndroidManifest.xml:33:13-43:29
57                <action android:name="android.intent.action.VIEW" />
57-->[com.google.firebase:firebase-auth:21.0.1] AndroidManifest.xml:34:17-69
57-->[com.google.firebase:firebase-auth:21.0.1] AndroidManifest.xml:34:25-66
58
59                <category android:name="android.intent.category.DEFAULT" />
59-->[com.google.firebase:firebase-auth:21.0.1] AndroidManifest.xml:36:17-76
59-->[com.google.firebase:firebase-auth:21.0.1] AndroidManifest.xml:36:27-73
60                <category android:name="android.intent.category.BROWSABLE" />
60-->[com.google.firebase:firebase-auth:21.0.1] AndroidManifest.xml:37:17-78
60-->[com.google.firebase:firebase-auth:21.0.1] AndroidManifest.xml:37:27-75
61
62                <data
62-->[com.google.firebase:firebase-auth:21.0.1] AndroidManifest.xml:39:17-42:51
63                    android:host="firebase.auth"
63-->[com.google.firebase:firebase-auth:21.0.1] AndroidManifest.xml:40:21-49
64                    android:path="/"
64-->[com.google.firebase:firebase-auth:21.0.1] AndroidManifest.xml:41:21-37
65                    android:scheme="genericidp" />
65-->[com.google.firebase:firebase-auth:21.0.1] AndroidManifest.xml:42:21-48
66            </intent-filter>
67        </activity>
68        <activity
68-->[com.google.firebase:firebase-auth:21.0.1] AndroidManifest.xml:45:9-62:20
69            android:name="com.google.firebase.auth.internal.RecaptchaActivity"
69-->[com.google.firebase:firebase-auth:21.0.1] AndroidManifest.xml:46:13-79
70            android:excludeFromRecents="true"
70-->[com.google.firebase:firebase-auth:21.0.1] AndroidManifest.xml:47:13-46
71            android:exported="true"
71-->[com.google.firebase:firebase-auth:21.0.1] AndroidManifest.xml:48:13-36
72            android:launchMode="singleTask"
72-->[com.google.firebase:firebase-auth:21.0.1] AndroidManifest.xml:49:13-44
73            android:theme="@android:style/Theme.Translucent.NoTitleBar" >
73-->[com.google.firebase:firebase-auth:21.0.1] AndroidManifest.xml:50:13-72
74            <intent-filter>
74-->[com.google.firebase:firebase-auth:21.0.1] AndroidManifest.xml:51:13-61:29
75                <action android:name="android.intent.action.VIEW" />
75-->[com.google.firebase:firebase-auth:21.0.1] AndroidManifest.xml:34:17-69
75-->[com.google.firebase:firebase-auth:21.0.1] AndroidManifest.xml:34:25-66
76
77                <category android:name="android.intent.category.DEFAULT" />
77-->[com.google.firebase:firebase-auth:21.0.1] AndroidManifest.xml:36:17-76
77-->[com.google.firebase:firebase-auth:21.0.1] AndroidManifest.xml:36:27-73
78                <category android:name="android.intent.category.BROWSABLE" />
78-->[com.google.firebase:firebase-auth:21.0.1] AndroidManifest.xml:37:17-78
78-->[com.google.firebase:firebase-auth:21.0.1] AndroidManifest.xml:37:27-75
79
80                <data
80-->[com.google.firebase:firebase-auth:21.0.1] AndroidManifest.xml:39:17-42:51
81                    android:host="firebase.auth"
81-->[com.google.firebase:firebase-auth:21.0.1] AndroidManifest.xml:40:21-49
82                    android:path="/"
82-->[com.google.firebase:firebase-auth:21.0.1] AndroidManifest.xml:41:21-37
83                    android:scheme="recaptcha" />
83-->[com.google.firebase:firebase-auth:21.0.1] AndroidManifest.xml:42:21-48
84            </intent-filter>
85        </activity>
86
87        <service
87-->[com.google.firebase:firebase-auth:21.0.1] AndroidManifest.xml:64:9-73:19
88            android:name="com.google.firebase.auth.api.fallback.service.FirebaseAuthFallbackService"
88-->[com.google.firebase:firebase-auth:21.0.1] AndroidManifest.xml:65:13-101
89            android:enabled="true"
89-->[com.google.firebase:firebase-auth:21.0.1] AndroidManifest.xml:66:13-35
90            android:exported="false" >
90-->[com.google.firebase:firebase-auth:21.0.1] AndroidManifest.xml:67:13-37
91            <intent-filter>
91-->[com.google.firebase:firebase-auth:21.0.1] AndroidManifest.xml:68:13-72:29
92                <action android:name="com.google.firebase.auth.api.gms.service.START" />
92-->[com.google.firebase:firebase-auth:21.0.1] AndroidManifest.xml:69:17-89
92-->[com.google.firebase:firebase-auth:21.0.1] AndroidManifest.xml:69:25-86
93
94                <category android:name="android.intent.category.DEFAULT" />
94-->[com.google.firebase:firebase-auth:21.0.1] AndroidManifest.xml:36:17-76
94-->[com.google.firebase:firebase-auth:21.0.1] AndroidManifest.xml:36:27-73
95            </intent-filter>
96        </service>
97
98        <activity
98-->[com.google.android.gms:play-services-base:17.1.0] AndroidManifest.xml:23:9-26:75
99            android:name="com.google.android.gms.common.api.GoogleApiActivity"
99-->[com.google.android.gms:play-services-base:17.1.0] AndroidManifest.xml:24:13-79
100            android:exported="false"
100-->[com.google.android.gms:play-services-base:17.1.0] AndroidManifest.xml:25:13-37
101            android:theme="@android:style/Theme.Translucent.NoTitleBar" />
101-->[com.google.android.gms:play-services-base:17.1.0] AndroidManifest.xml:26:13-72
102
103        <provider
103-->[com.google.firebase:firebase-common:20.0.0] AndroidManifest.xml:26:9-31:39
104            android:name="com.google.firebase.provider.FirebaseInitProvider"
104-->[com.google.firebase:firebase-common:20.0.0] AndroidManifest.xml:27:13-77
105            android:authorities="com.example.finalproject.firebaseinitprovider"
105-->[com.google.firebase:firebase-common:20.0.0] AndroidManifest.xml:28:13-72
106            android:directBootAware="true"
106-->[com.google.firebase:firebase-common:20.0.0] AndroidManifest.xml:29:13-43
107            android:exported="false"
107-->[com.google.firebase:firebase-common:20.0.0] AndroidManifest.xml:30:13-37
108            android:initOrder="100" />
108-->[com.google.firebase:firebase-common:20.0.0] AndroidManifest.xml:31:13-36
109
110        <meta-data
110-->[com.google.android.gms:play-services-basement:17.1.0] AndroidManifest.xml:23:9-25:69
111            android:name="com.google.android.gms.version"
111-->[com.google.android.gms:play-services-basement:17.1.0] AndroidManifest.xml:24:13-58
112            android:value="@integer/google_play_services_version" />
112-->[com.google.android.gms:play-services-basement:17.1.0] AndroidManifest.xml:25:13-66
113    </application>
114
115</manifest>